<?xml version="1.0" encoding="UTF-8"?>
<testsuite name="Test with firefox"
           tests="5"
           failures="0"
           errors="0"
           skipped="0"
           time="34.772">
  <properties />
  
  
            <testcase name="TC02_ValidateOfUsername" time="4.526" classname="testcases.newsfeed.StartIngApp.LoginTestCase.Validation" />
                <testcase name="TC05_Login_With_Valid_Phone" time="10.604" classname="testcases.newsfeed.StartIngApp.LoginTestCase.Validation" />
                <testcase name="TC01_Login_With_Blank_Info" time="1.295" classname="testcases.newsfeed.StartIngApp.LoginTestCase.Validation" />
                <testcase name="TC03_ValidateOfPassword" time="3.849" classname="testcases.newsfeed.StartIngApp.LoginTestCase.Validation" />
                <testcase name="TC04_Login_With_Valid_Email" time="14.498" classname="testcases.newsfeed.StartIngApp.LoginTestCase.Validation" />
      
</testsuite>
