<?xml version="1.0" encoding="UTF-8"?>
<testsuite name="Test with firefox"
           tests="8"
           failures="0"
           errors="0"
           skipped="0"
           time="85.343">
  <properties />
  
  
            <testcase name="TC06_ValidationOFConfirmPasswordField" time="0.960" classname="testcases.newsfeed.StartIngApp.SignUpTestCase.Validation" />
                <testcase name="TC03_ValidationOfEmail" time="2.576" classname="testcases.newsfeed.StartIngApp.SignUpTestCase.Validation" />
                <testcase name="TC08_RegisterAccountWithEmailIsUppercase" time="42.815" classname="testcases.newsfeed.StartIngApp.SignUpTestCase.Validation" />
                <testcase name="TC04_ValidateOfUsernameWithPhone" time="4.486" classname="testcases.newsfeed.StartIngApp.SignUpTestCase.Validation" />
                <testcase name="TC05_ValidationOFPasswordField" time="0.866" classname="testcases.newsfeed.StartIngApp.SignUpTestCase.Validation" />
                <testcase name="TC01_CheckValidationFirstName" time="1.611" classname="testcases.newsfeed.StartIngApp.SignUpTestCase.Validation" />
                <testcase name="TC09_RegisterAccountWithEmailContainsMoreThan2Idots" time="30.808" classname="testcases.newsfeed.StartIngApp.SignUpTestCase.Validation" />
                <testcase name="TC02_CheckValidationLastName" time="1.221" classname="testcases.newsfeed.StartIngApp.SignUpTestCase.Validation" />
      
</testsuite>
