<?xml version="1.0" encoding="UTF-8"?>
<testsuite name="Test with firefox"
           tests="2"
           failures="0"
           errors="0"
           skipped="0"
           time="14.712">
  <properties />
  
  
            <testcase name="TC05_Create_Post_Normal_With_2_Paragraphs" time="4.816" classname="testcases.newsfeed.PostFunction.NormalPost.TestcaseOfPost" />
                <testcase name="TC04_VALIDATE_POST_CONTENT_NEGATIVE" time="9.896" classname="testcases.newsfeed.PostFunction.NormalPost.TestcaseOfPost" />
      
</testsuite>
